<?xml version="1.0" encoding="UTF-8"?>
<!-- Generated by org.testng.reporters.JUnitReportReporter -->
<testsuite hostname="DELL0555" failures="0" tests="2" name="com.aurionpro.runner.RunnerTest" time="134.266" errors="0" timestamp="2022-09-02T17:17:18 IST" skipped="0">
  <testcase classname="com.aurionpro.runner.RunnerTest" name="runScenario" time="69.297"/>
  <system-out/>
  <testcase classname="com.aurionpro.runner.RunnerTest" name="runScenario" time="64.969"/>
  <system-out/>
</testsuite> <!-- com.aurionpro.runner.RunnerTest -->
